{ name: 'κ³ λ ¤λ€', type: '0', major: 'κ°„νΈλ€ν•™' }
[ RowDataPacket {
    strong_val: 690.5,
    safe_val: 685.5,
    dangerous_val: 682.8,
    sniping_val: 680.8 } ]
[0mPOST /score/predict [32m200 [0m17.208 ms - 106[0m
{ name: 'κ³ λ ¤λ€', type: '0', major: 'κ°„νΈλ€ν•™' }
[ RowDataPacket {
    strong_val: 690.5,
    safe_val: 685.5,
    dangerous_val: 682.8,
    sniping_val: 680.8 } ]
[0mPOST /score/predict [32m200 [0m1.398 ms - 106[0m
{ name: 'κ³ λ ¤λ€', type: '0', major: 'κ°„νΈλ€ν•™' }
[ RowDataPacket {
    strong_val: 690.5,
    safe_val: 685.5,
    dangerous_val: 682.8,
    sniping_val: 680.8 } ]
[0mPOST /score/predict [32m200 [0m1.120 ms - 106[0m
{ name: 'κ³ λ ¤λ€', type: '0', major: 'κ°„νΈλ€ν•™' }
[ RowDataPacket {
    strong_val: 690.5,
    safe_val: 685.5,
    dangerous_val: 682.8,
    sniping_val: 680.8 } ]
[0mPOST /score/predict [32m200 [0m1.038 ms - 106[0m
fuck
249
249
[0mPOST /score/graph [32m200 [0m0.678 ms - 28[0m
null
[ RowDataPacket { major: 'κ°„νΈλ€ν•™', name: 'κ³ λ ¤λ€' },
  RowDataPacket { major: 'κ²½μν•™κ³Ό', name: 'κ³ λ ¤λ€' },
  RowDataPacket { major: 'κ²½μ ν•™κ³Ό', name: 'κ³ λ ¤λ€' },
  RowDataPacket { major: 'κµμ΅ν•™κ³Ό', name: 'κ³ λ ¤λ€' },
  RowDataPacket { major: 'κµ­μ–΄κµμ΅κ³Ό', name: 'κ³ λ ¤λ€' },
  RowDataPacket { major: 'κµ­μ–΄κµ­λ¬Έν•™κ³Ό', name: 'κ³ λ ¤λ€' },
  RowDataPacket { major: 'λ…Έμ–΄λ…Έλ¬Έν•™κ³Ό', name: 'κ³ λ ¤λ€' },
  RowDataPacket { major: 'λ…μ–΄λ…λ¬Έν•™κ³Ό', name: 'κ³ λ ¤λ€' },
  RowDataPacket { major: 'λ―Έλ””μ–΄ν•™λ¶€', name: 'κ³ λ ¤λ€' },
  RowDataPacket { major: 'λ³΄κ±΄μ •μ±…κ΄€λ¦¬ν•™λ¶€', name: 'κ³ λ ¤λ€' },
  RowDataPacket { major: 'λ¶μ–΄λ¶λ¬Έν•™κ³Ό', name: 'κ³ λ ¤λ€' },
  RowDataPacket { major: 'μ‚¬ν•™κ³Ό', name: 'κ³ λ ¤λ€' },
  RowDataPacket { major: 'μ‚¬νν•™κ³Ό', name: 'κ³ λ ¤λ€' },
  RowDataPacket { major: 'μ„μ–΄μ„λ¬Έν•™κ³Ό', name: 'κ³ λ ¤λ€' },
  RowDataPacket { major: 'μ‹ν’μμ›κ²½μ ν•™κ³Ό', name: 'κ³ λ ¤λ€' },
  RowDataPacket { major: 'μ‹¬λ¦¬ν•™κ³Ό', name: 'κ³ λ ¤λ€' },
  RowDataPacket { major: 'μ–Έμ–΄ν•™κ³Ό', name: 'κ³ λ ¤λ€' },
  RowDataPacket { major: 'μ—­μ‚¬κµμ΅κ³Ό', name: 'κ³ λ ¤λ€' },
  RowDataPacket { major: 'μμ–΄κµμ΅κ³Ό', name: 'κ³ λ ¤λ€' },
  RowDataPacket { major: 'μμ–΄μλ¬Έν•™κ³Ό', name: 'κ³ λ ¤λ€' },
  RowDataPacket { major: 'μΌμ–΄μΌλ¬Έν•™κ³Ό', name: 'κ³ λ ¤λ€' },
  RowDataPacket { major: 'μμ μ „κ³µν•™λ¶€', name: 'κ³ λ ¤λ€' },
  RowDataPacket { major: 'μ •μΉμ™Έκµν•™κ³Ό', name: 'κ³ λ ¤λ€' },
  RowDataPacket { major: 'μ§€λ¦¬κµμ΅κ³Ό', name: 'κ³ λ ¤λ€' },
  RowDataPacket { major: 'μ² ν•™κ³Ό', name: 'κ³ λ ¤λ€' },
  RowDataPacket { major: 'μ»΄ν“¨ν„°ν•™κ³Ό', name: 'κ³ λ ¤λ€' },
  RowDataPacket { major: 'ν†µκ³„ν•™κ³Ό', name: 'κ³ λ ¤λ€' },
  RowDataPacket { major: 'ν•κµ­μ‚¬ν•™κ³Ό', name: 'κ³ λ ¤λ€' },
  RowDataPacket { major: 'ν•λ¬Έν•™κ³Ό', name: 'κ³ λ ¤λ€' },
  RowDataPacket { major: 'ν–‰μ •ν•™κ³Ό', name: 'κ³ λ ¤λ€' },
  RowDataPacket { major: 'μ¤‘μ–΄μ¤‘λ¬Έν•™κ³Ό', name: 'κ³ λ ¤λ€' } ]
[0mPOST /score/list [32m200 [0m1.624 ms - 1488[0m
{ major: 'κ°„νΈλ€ν•™', name: 'κ³ λ ¤λ€', type: 0 }
[ RowDataPacket {
    strong_val: 690.5,
    safe_val: 685.5,
    dangerous_val: 682.8,
    sniping_val: 680.8 } ]
[0mPOST /score/predict [32m200 [0m1.136 ms - 106[0m
fuck
249
249
[0mPOST /score/graph [32m200 [0m0.423 ms - 28[0m
null
[ RowDataPacket { major: 'κ°„νΈλ€ν•™', name: 'κ³ λ ¤λ€' },
  RowDataPacket { major: 'κ²½μν•™κ³Ό', name: 'κ³ λ ¤λ€' },
  RowDataPacket { major: 'κ²½μ ν•™κ³Ό', name: 'κ³ λ ¤λ€' },
  RowDataPacket { major: 'κµμ΅ν•™κ³Ό', name: 'κ³ λ ¤λ€' },
  RowDataPacket { major: 'κµ­μ–΄κµμ΅κ³Ό', name: 'κ³ λ ¤λ€' },
  RowDataPacket { major: 'κµ­μ–΄κµ­λ¬Έν•™κ³Ό', name: 'κ³ λ ¤λ€' },
  RowDataPacket { major: 'λ…Έμ–΄λ…Έλ¬Έν•™κ³Ό', name: 'κ³ λ ¤λ€' },
  RowDataPacket { major: 'λ…μ–΄λ…λ¬Έν•™κ³Ό', name: 'κ³ λ ¤λ€' },
  RowDataPacket { major: 'λ―Έλ””μ–΄ν•™λ¶€', name: 'κ³ λ ¤λ€' },
  RowDataPacket { major: 'λ³΄κ±΄μ •μ±…κ΄€λ¦¬ν•™λ¶€', name: 'κ³ λ ¤λ€' },
  RowDataPacket { major: 'λ¶μ–΄λ¶λ¬Έν•™κ³Ό', name: 'κ³ λ ¤λ€' },
  RowDataPacket { major: 'μ‚¬ν•™κ³Ό', name: 'κ³ λ ¤λ€' },
  RowDataPacket { major: 'μ‚¬νν•™κ³Ό', name: 'κ³ λ ¤λ€' },
  RowDataPacket { major: 'μ„μ–΄μ„λ¬Έν•™κ³Ό', name: 'κ³ λ ¤λ€' },
  RowDataPacket { major: 'μ‹ν’μμ›κ²½μ ν•™κ³Ό', name: 'κ³ λ ¤λ€' },
  RowDataPacket { major: 'μ‹¬λ¦¬ν•™κ³Ό', name: 'κ³ λ ¤λ€' },
  RowDataPacket { major: 'μ–Έμ–΄ν•™κ³Ό', name: 'κ³ λ ¤λ€' },
  RowDataPacket { major: 'μ—­μ‚¬κµμ΅κ³Ό', name: 'κ³ λ ¤λ€' },
  RowDataPacket { major: 'μμ–΄κµμ΅κ³Ό', name: 'κ³ λ ¤λ€' },
  RowDataPacket { major: 'μμ–΄μλ¬Έν•™κ³Ό', name: 'κ³ λ ¤λ€' },
  RowDataPacket { major: 'μΌμ–΄μΌλ¬Έν•™κ³Ό', name: 'κ³ λ ¤λ€' },
  RowDataPacket { major: 'μμ μ „κ³µν•™λ¶€', name: 'κ³ λ ¤λ€' },
  RowDataPacket { major: 'μ •μΉμ™Έκµν•™κ³Ό', name: 'κ³ λ ¤λ€' },
  RowDataPacket { major: 'μ§€λ¦¬κµμ΅κ³Ό', name: 'κ³ λ ¤λ€' },
  RowDataPacket { major: 'μ² ν•™κ³Ό', name: 'κ³ λ ¤λ€' },
  RowDataPacket { major: 'μ»΄ν“¨ν„°ν•™κ³Ό', name: 'κ³ λ ¤λ€' },
  RowDataPacket { major: 'ν†µκ³„ν•™κ³Ό', name: 'κ³ λ ¤λ€' },
  RowDataPacket { major: 'ν•κµ­μ‚¬ν•™κ³Ό', name: 'κ³ λ ¤λ€' },
  RowDataPacket { major: 'ν•λ¬Έν•™κ³Ό', name: 'κ³ λ ¤λ€' },
  RowDataPacket { major: 'ν–‰μ •ν•™κ³Ό', name: 'κ³ λ ¤λ€' },
  RowDataPacket { major: 'μ¤‘μ–΄μ¤‘λ¬Έν•™κ³Ό', name: 'κ³ λ ¤λ€' } ]
[0mPOST /score/list [32m200 [0m1.453 ms - 1488[0m
{ major: 'κ°„νΈλ€ν•™', name: 'κ³ λ ¤λ€', type: 0 }
[ RowDataPacket {
    strong_val: 690.5,
    safe_val: 685.5,
    dangerous_val: 682.8,
    sniping_val: 680.8 } ]
[0mPOST /score/predict [32m200 [0m1.084 ms - 106[0m
fuck
249
249
[0mPOST /score/graph [32m200 [0m0.356 ms - 28[0m
null
[ RowDataPacket { major: 'κ°€μ •κµμ΅κ³Ό', name: 'κ³ λ ¤λ€' },
  RowDataPacket { major: 'κ°„νΈλ€ν•™', name: 'κ³ λ ¤λ€' },
  RowDataPacket { major: 'κ±΄μ¶•ν•™κ³Ό', name: 'κ³ λ ¤λ€' },
  RowDataPacket { major: 'κ±΄μ¶•μ‚¬νν™κ²½κ³µν•™λ¶€', name: 'κ³ λ ¤λ€' },
  RowDataPacket { major: 'κΈ°κ³„κ³µν•™λ¶€', name: 'κ³ λ ¤λ€' },
  RowDataPacket { major: 'λ¬Όλ¦¬ν•™κ³Ό', name: 'κ³ λ ¤λ€' },
  RowDataPacket { major: 'λ°”μ΄μ¤μ‹μ¤ν…μκ³Όν•™λ¶€', name: 'κ³ λ ¤λ€' },
  RowDataPacket { major: 'λ°”μ΄μ¤μκ³µν•™λ¶€', name: 'κ³ λ ¤λ€' },
  RowDataPacket { major: 'λ³΄κ±΄ν™κ²½μµν•©κ³Όν•™λ¶€', name: 'κ³ λ ¤λ€' },
  RowDataPacket { major: 'μ‚¬μ΄λ²„κµ­λ°©ν•™κ³Ό', name: 'κ³ λ ¤λ€' },
  RowDataPacket { major: 'μ‚°μ—…κ²½μκ³µν•™λ¶€', name: 'κ³ λ ¤λ€' },
  RowDataPacket { major: 'μƒλ…κ³µν•™λ¶€', name: 'κ³ λ ¤λ€' },
  RowDataPacket { major: 'μƒλ…κ³Όν•™λ¶€', name: 'κ³ λ ¤λ€' },
  RowDataPacket { major: 'μν•™κ³Ό', name: 'κ³ λ ¤λ€' },
  RowDataPacket { major: 'μν•™κµμ΅κ³Ό', name: 'κ³ λ ¤λ€' },
  RowDataPacket { major: 'μ‹ν’κ³µν•™κ³Ό', name: 'κ³ λ ¤λ€' },
  RowDataPacket { major: 'μ‹ μ†μ¬κ³µν•™λ¶€', name: 'κ³ λ ¤λ€' },
  RowDataPacket { major: 'μμκ³Ό', name: 'κ³ λ ¤λ€' },
  RowDataPacket { major: 'μ „κΈ°μ „μκ³µν•™λ¶€', name: 'κ³ λ ¤λ€' },
  RowDataPacket { major: 'μ§€κµ¬ν™κ²½κ³Όν•™κ³Ό', name: 'κ³ λ ¤λ€' },
  RowDataPacket { major: 'μ»΄ν“¨ν„°ν•™κ³Ό', name: 'κ³ λ ¤λ€' },
  RowDataPacket { major: 'ν™”κ³µμƒλ…κ³µν•™κ³Ό', name: 'κ³ λ ¤λ€' },
  RowDataPacket { major: 'ν™”ν•™κ³Ό', name: 'κ³ λ ¤λ€' },
  RowDataPacket { major: 'ν™κ²½μƒνƒκ³µν•™λ¶€', name: 'κ³ λ ¤λ€' } ]
[0mPOST /score/list [32m200 [0m5.322 ms - 1210[0m
{ major: 'μ‚¬μ΄λ²„κµ­λ°©ν•™κ³Ό', name: 'κ³ λ ¤λ€', type: 1 }
[ RowDataPacket {
    strong_val: 540.4,
    safe_val: 533.8,
    dangerous_val: 530.4,
    sniping_val: 524.8 } ]
[0mPOST /score/predict [32m200 [0m0.981 ms - 106[0m
fuck
160
160
[0mPOST /score/graph [32m200 [0m0.333 ms - 28[0m
fuck
198
219
[0mPOST /score/graph [32m200 [0m0.349 ms - 28[0m
null
[ RowDataPacket { major: 'κ°€μ •κµμ΅κ³Ό', name: 'κ³ λ ¤λ€' },
  RowDataPacket { major: 'κ°„νΈλ€ν•™', name: 'κ³ λ ¤λ€' },
  RowDataPacket { major: 'κ±΄μ¶•ν•™κ³Ό', name: 'κ³ λ ¤λ€' },
  RowDataPacket { major: 'κ±΄μ¶•μ‚¬νν™κ²½κ³µν•™λ¶€', name: 'κ³ λ ¤λ€' },
  RowDataPacket { major: 'κΈ°κ³„κ³µν•™λ¶€', name: 'κ³ λ ¤λ€' },
  RowDataPacket { major: 'λ¬Όλ¦¬ν•™κ³Ό', name: 'κ³ λ ¤λ€' },
  RowDataPacket { major: 'λ°”μ΄μ¤μ‹μ¤ν…μκ³Όν•™λ¶€', name: 'κ³ λ ¤λ€' },
  RowDataPacket { major: 'λ°”μ΄μ¤μκ³µν•™λ¶€', name: 'κ³ λ ¤λ€' },
  RowDataPacket { major: 'λ³΄κ±΄ν™κ²½μµν•©κ³Όν•™λ¶€', name: 'κ³ λ ¤λ€' },
  RowDataPacket { major: 'μ‚¬μ΄λ²„κµ­λ°©ν•™κ³Ό', name: 'κ³ λ ¤λ€' },
  RowDataPacket { major: 'μ‚°μ—…κ²½μκ³µν•™λ¶€', name: 'κ³ λ ¤λ€' },
  RowDataPacket { major: 'μƒλ…κ³µν•™λ¶€', name: 'κ³ λ ¤λ€' },
  RowDataPacket { major: 'μƒλ…κ³Όν•™λ¶€', name: 'κ³ λ ¤λ€' },
  RowDataPacket { major: 'μν•™κ³Ό', name: 'κ³ λ ¤λ€' },
  RowDataPacket { major: 'μν•™κµμ΅κ³Ό', name: 'κ³ λ ¤λ€' },
  RowDataPacket { major: 'μ‹ν’κ³µν•™κ³Ό', name: 'κ³ λ ¤λ€' },
  RowDataPacket { major: 'μ‹ μ†μ¬κ³µν•™λ¶€', name: 'κ³ λ ¤λ€' },
  RowDataPacket { major: 'μμκ³Ό', name: 'κ³ λ ¤λ€' },
  RowDataPacket { major: 'μ „κΈ°μ „μκ³µν•™λ¶€', name: 'κ³ λ ¤λ€' },
  RowDataPacket { major: 'μ§€κµ¬ν™κ²½κ³Όν•™κ³Ό', name: 'κ³ λ ¤λ€' },
  RowDataPacket { major: 'μ»΄ν“¨ν„°ν•™κ³Ό', name: 'κ³ λ ¤λ€' },
  RowDataPacket { major: 'ν™”κ³µμƒλ…κ³µν•™κ³Ό', name: 'κ³ λ ¤λ€' },
  RowDataPacket { major: 'ν™”ν•™κ³Ό', name: 'κ³ λ ¤λ€' },
  RowDataPacket { major: 'ν™κ²½μƒνƒκ³µν•™λ¶€', name: 'κ³ λ ¤λ€' } ]
[0mPOST /score/list [32m200 [0m1.226 ms - 1210[0m
{ major: 'μ‚¬μ΄λ²„κµ­λ°©ν•™κ³Ό', name: 'κ³ λ ¤λ€', type: 1 }
[ RowDataPacket {
    strong_val: 540.4,
    safe_val: 533.8,
    dangerous_val: 530.4,
    sniping_val: 524.8 } ]
[0mPOST /score/predict [32m200 [0m1.059 ms - 106[0m
fuck
180
199
[0mPOST /score/graph [32m200 [0m0.337 ms - 28[0m
null
[ RowDataPacket { major: 'κ°„νΈλ€ν•™', name: 'κ³ λ ¤λ€' },
  RowDataPacket { major: 'κ²½μν•™κ³Ό', name: 'κ³ λ ¤λ€' },
  RowDataPacket { major: 'κ²½μ ν•™κ³Ό', name: 'κ³ λ ¤λ€' },
  RowDataPacket { major: 'κµμ΅ν•™κ³Ό', name: 'κ³ λ ¤λ€' },
  RowDataPacket { major: 'κµ­μ–΄κµμ΅κ³Ό', name: 'κ³ λ ¤λ€' },
  RowDataPacket { major: 'κµ­μ–΄κµ­λ¬Έν•™κ³Ό', name: 'κ³ λ ¤λ€' },
  RowDataPacket { major: 'λ…Έμ–΄λ…Έλ¬Έν•™κ³Ό', name: 'κ³ λ ¤λ€' },
  RowDataPacket { major: 'λ…μ–΄λ…λ¬Έν•™κ³Ό', name: 'κ³ λ ¤λ€' },
  RowDataPacket { major: 'λ―Έλ””μ–΄ν•™λ¶€', name: 'κ³ λ ¤λ€' },
  RowDataPacket { major: 'λ³΄κ±΄μ •μ±…κ΄€λ¦¬ν•™λ¶€', name: 'κ³ λ ¤λ€' },
  RowDataPacket { major: 'λ¶μ–΄λ¶λ¬Έν•™κ³Ό', name: 'κ³ λ ¤λ€' },
  RowDataPacket { major: 'μ‚¬ν•™κ³Ό', name: 'κ³ λ ¤λ€' },
  RowDataPacket { major: 'μ‚¬νν•™κ³Ό', name: 'κ³ λ ¤λ€' },
  RowDataPacket { major: 'μ„μ–΄μ„λ¬Έν•™κ³Ό', name: 'κ³ λ ¤λ€' },
  RowDataPacket { major: 'μ‹ν’μμ›κ²½μ ν•™κ³Ό', name: 'κ³ λ ¤λ€' },
  RowDataPacket { major: 'μ‹¬λ¦¬ν•™κ³Ό', name: 'κ³ λ ¤λ€' },
  RowDataPacket { major: 'μ–Έμ–΄ν•™κ³Ό', name: 'κ³ λ ¤λ€' },
  RowDataPacket { major: 'μ—­μ‚¬κµμ΅κ³Ό', name: 'κ³ λ ¤λ€' },
  RowDataPacket { major: 'μμ–΄κµμ΅κ³Ό', name: 'κ³ λ ¤λ€' },
  RowDataPacket { major: 'μμ–΄μλ¬Έν•™κ³Ό', name: 'κ³ λ ¤λ€' },
  RowDataPacket { major: 'μΌμ–΄μΌλ¬Έν•™κ³Ό', name: 'κ³ λ ¤λ€' },
  RowDataPacket { major: 'μμ μ „κ³µν•™λ¶€', name: 'κ³ λ ¤λ€' },
  RowDataPacket { major: 'μ •μΉμ™Έκµν•™κ³Ό', name: 'κ³ λ ¤λ€' },
  RowDataPacket { major: 'μ§€λ¦¬κµμ΅κ³Ό', name: 'κ³ λ ¤λ€' },
  RowDataPacket { major: 'μ² ν•™κ³Ό', name: 'κ³ λ ¤λ€' },
  RowDataPacket { major: 'μ»΄ν“¨ν„°ν•™κ³Ό', name: 'κ³ λ ¤λ€' },
  RowDataPacket { major: 'ν†µκ³„ν•™κ³Ό', name: 'κ³ λ ¤λ€' },
  RowDataPacket { major: 'ν•κµ­μ‚¬ν•™κ³Ό', name: 'κ³ λ ¤λ€' },
  RowDataPacket { major: 'ν•λ¬Έν•™κ³Ό', name: 'κ³ λ ¤λ€' },
  RowDataPacket { major: 'ν–‰μ •ν•™κ³Ό', name: 'κ³ λ ¤λ€' },
  RowDataPacket { major: 'μ¤‘μ–΄μ¤‘λ¬Έν•™κ³Ό', name: 'κ³ λ ¤λ€' } ]
[0mPOST /score/list [32m200 [0m1.414 ms - 1488[0m
{ major: 'λ³΄κ±΄μ •μ±…κ΄€λ¦¬ν•™λ¶€', name: 'κ³ λ ¤λ€', type: 0 }
[ RowDataPacket {
    strong_val: 684.2,
    safe_val: 679.1,
    dangerous_val: 673.5,
    sniping_val: 670.6 } ]
[0mPOST /score/predict [32m200 [0m1.057 ms - 106[0m
fuck
249
249
[0mPOST /score/graph [32m200 [0m0.332 ms - 28[0m
null
[ RowDataPacket { major: 'κ°„νΈλ€ν•™', name: 'κ³ λ ¤λ€' },
  RowDataPacket { major: 'κ²½μν•™κ³Ό', name: 'κ³ λ ¤λ€' },
  RowDataPacket { major: 'κ²½μ ν•™κ³Ό', name: 'κ³ λ ¤λ€' },
  RowDataPacket { major: 'κµμ΅ν•™κ³Ό', name: 'κ³ λ ¤λ€' },
  RowDataPacket { major: 'κµ­μ–΄κµμ΅κ³Ό', name: 'κ³ λ ¤λ€' },
  RowDataPacket { major: 'κµ­μ–΄κµ­λ¬Έν•™κ³Ό', name: 'κ³ λ ¤λ€' },
  RowDataPacket { major: 'λ…Έμ–΄λ…Έλ¬Έν•™κ³Ό', name: 'κ³ λ ¤λ€' },
  RowDataPacket { major: 'λ…μ–΄λ…λ¬Έν•™κ³Ό', name: 'κ³ λ ¤λ€' },
  RowDataPacket { major: 'λ―Έλ””μ–΄ν•™λ¶€', name: 'κ³ λ ¤λ€' },
  RowDataPacket { major: 'λ³΄κ±΄μ •μ±…κ΄€λ¦¬ν•™λ¶€', name: 'κ³ λ ¤λ€' },
  RowDataPacket { major: 'λ¶μ–΄λ¶λ¬Έν•™κ³Ό', name: 'κ³ λ ¤λ€' },
  RowDataPacket { major: 'μ‚¬ν•™κ³Ό', name: 'κ³ λ ¤λ€' },
  RowDataPacket { major: 'μ‚¬νν•™κ³Ό', name: 'κ³ λ ¤λ€' },
  RowDataPacket { major: 'μ„μ–΄μ„λ¬Έν•™κ³Ό', name: 'κ³ λ ¤λ€' },
  RowDataPacket { major: 'μ‹ν’μμ›κ²½μ ν•™κ³Ό', name: 'κ³ λ ¤λ€' },
  RowDataPacket { major: 'μ‹¬λ¦¬ν•™κ³Ό', name: 'κ³ λ ¤λ€' },
  RowDataPacket { major: 'μ–Έμ–΄ν•™κ³Ό', name: 'κ³ λ ¤λ€' },
  RowDataPacket { major: 'μ—­μ‚¬κµμ΅κ³Ό', name: 'κ³ λ ¤λ€' },
  RowDataPacket { major: 'μμ–΄κµμ΅κ³Ό', name: 'κ³ λ ¤λ€' },
  RowDataPacket { major: 'μμ–΄μλ¬Έν•™κ³Ό', name: 'κ³ λ ¤λ€' },
  RowDataPacket { major: 'μΌμ–΄μΌλ¬Έν•™κ³Ό', name: 'κ³ λ ¤λ€' },
  RowDataPacket { major: 'μμ μ „κ³µν•™λ¶€', name: 'κ³ λ ¤λ€' },
  RowDataPacket { major: 'μ •μΉμ™Έκµν•™κ³Ό', name: 'κ³ λ ¤λ€' },
  RowDataPacket { major: 'μ§€λ¦¬κµμ΅κ³Ό', name: 'κ³ λ ¤λ€' },
  RowDataPacket { major: 'μ² ν•™κ³Ό', name: 'κ³ λ ¤λ€' },
  RowDataPacket { major: 'μ»΄ν“¨ν„°ν•™κ³Ό', name: 'κ³ λ ¤λ€' },
  RowDataPacket { major: 'ν†µκ³„ν•™κ³Ό', name: 'κ³ λ ¤λ€' },
  RowDataPacket { major: 'ν•κµ­μ‚¬ν•™κ³Ό', name: 'κ³ λ ¤λ€' },
  RowDataPacket { major: 'ν•λ¬Έν•™κ³Ό', name: 'κ³ λ ¤λ€' },
  RowDataPacket { major: 'ν–‰μ •ν•™κ³Ό', name: 'κ³ λ ¤λ€' },
  RowDataPacket { major: 'μ¤‘μ–΄μ¤‘λ¬Έν•™κ³Ό', name: 'κ³ λ ¤λ€' } ]
[0mPOST /score/list [32m200 [0m3.293 ms - 1488[0m
{ major: 'λ³΄κ±΄μ •μ±…κ΄€λ¦¬ν•™λ¶€', name: 'κ³ λ ¤λ€', type: 0 }
[ RowDataPacket {
    strong_val: 684.2,
    safe_val: 679.1,
    dangerous_val: 673.5,
    sniping_val: 670.6 } ]
[0mPOST /score/predict [32m200 [0m1.048 ms - 106[0m
fuck
249
249
[0mPOST /score/graph [32m200 [0m0.340 ms - 28[0m
null
[ RowDataPacket { major: 'κ°„νΈλ€ν•™', name: 'κ³ λ ¤λ€' },
  RowDataPacket { major: 'κ²½μν•™κ³Ό', name: 'κ³ λ ¤λ€' },
  RowDataPacket { major: 'κ²½μ ν•™κ³Ό', name: 'κ³ λ ¤λ€' },
  RowDataPacket { major: 'κµμ΅ν•™κ³Ό', name: 'κ³ λ ¤λ€' },
  RowDataPacket { major: 'κµ­μ–΄κµμ΅κ³Ό', name: 'κ³ λ ¤λ€' },
  RowDataPacket { major: 'κµ­μ–΄κµ­λ¬Έν•™κ³Ό', name: 'κ³ λ ¤λ€' },
  RowDataPacket { major: 'λ…Έμ–΄λ…Έλ¬Έν•™κ³Ό', name: 'κ³ λ ¤λ€' },
  RowDataPacket { major: 'λ…μ–΄λ…λ¬Έν•™κ³Ό', name: 'κ³ λ ¤λ€' },
  RowDataPacket { major: 'λ―Έλ””μ–΄ν•™λ¶€', name: 'κ³ λ ¤λ€' },
  RowDataPacket { major: 'λ³΄κ±΄μ •μ±…κ΄€λ¦¬ν•™λ¶€', name: 'κ³ λ ¤λ€' },
  RowDataPacket { major: 'λ¶μ–΄λ¶λ¬Έν•™κ³Ό', name: 'κ³ λ ¤λ€' },
  RowDataPacket { major: 'μ‚¬ν•™κ³Ό', name: 'κ³ λ ¤λ€' },
  RowDataPacket { major: 'μ‚¬νν•™κ³Ό', name: 'κ³ λ ¤λ€' },
  RowDataPacket { major: 'μ„μ–΄μ„λ¬Έν•™κ³Ό', name: 'κ³ λ ¤λ€' },
  RowDataPacket { major: 'μ‹ν’μμ›κ²½μ ν•™κ³Ό', name: 'κ³ λ ¤λ€' },
  RowDataPacket { major: 'μ‹¬λ¦¬ν•™κ³Ό', name: 'κ³ λ ¤λ€' },
  RowDataPacket { major: 'μ–Έμ–΄ν•™κ³Ό', name: 'κ³ λ ¤λ€' },
  RowDataPacket { major: 'μ—­μ‚¬κµμ΅κ³Ό', name: 'κ³ λ ¤λ€' },
  RowDataPacket { major: 'μμ–΄κµμ΅κ³Ό', name: 'κ³ λ ¤λ€' },
  RowDataPacket { major: 'μμ–΄μλ¬Έν•™κ³Ό', name: 'κ³ λ ¤λ€' },
  RowDataPacket { major: 'μΌμ–΄μΌλ¬Έν•™κ³Ό', name: 'κ³ λ ¤λ€' },
  RowDataPacket { major: 'μμ μ „κ³µν•™λ¶€', name: 'κ³ λ ¤λ€' },
  RowDataPacket { major: 'μ •μΉμ™Έκµν•™κ³Ό', name: 'κ³ λ ¤λ€' },
  RowDataPacket { major: 'μ§€λ¦¬κµμ΅κ³Ό', name: 'κ³ λ ¤λ€' },
  RowDataPacket { major: 'μ² ν•™κ³Ό', name: 'κ³ λ ¤λ€' },
  RowDataPacket { major: 'μ»΄ν“¨ν„°ν•™κ³Ό', name: 'κ³ λ ¤λ€' },
  RowDataPacket { major: 'ν†µκ³„ν•™κ³Ό', name: 'κ³ λ ¤λ€' },
  RowDataPacket { major: 'ν•κµ­μ‚¬ν•™κ³Ό', name: 'κ³ λ ¤λ€' },
  RowDataPacket { major: 'ν•λ¬Έν•™κ³Ό', name: 'κ³ λ ¤λ€' },
  RowDataPacket { major: 'ν–‰μ •ν•™κ³Ό', name: 'κ³ λ ¤λ€' },
  RowDataPacket { major: 'μ¤‘μ–΄μ¤‘λ¬Έν•™κ³Ό', name: 'κ³ λ ¤λ€' } ]
[0mPOST /score/list [32m200 [0m1.454 ms - 1488[0m
null
[ RowDataPacket { major: 'κ°„νΈλ€ν•™', name: 'κ³ λ ¤λ€' },
  RowDataPacket { major: 'κ²½μν•™κ³Ό', name: 'κ³ λ ¤λ€' },
  RowDataPacket { major: 'κ²½μ ν•™κ³Ό', name: 'κ³ λ ¤λ€' },
  RowDataPacket { major: 'κµμ΅ν•™κ³Ό', name: 'κ³ λ ¤λ€' },
  RowDataPacket { major: 'κµ­μ–΄κµμ΅κ³Ό', name: 'κ³ λ ¤λ€' },
  RowDataPacket { major: 'κµ­μ–΄κµ­λ¬Έν•™κ³Ό', name: 'κ³ λ ¤λ€' },
  RowDataPacket { major: 'λ…Έμ–΄λ…Έλ¬Έν•™κ³Ό', name: 'κ³ λ ¤λ€' },
  RowDataPacket { major: 'λ…μ–΄λ…λ¬Έν•™κ³Ό', name: 'κ³ λ ¤λ€' },
  RowDataPacket { major: 'λ―Έλ””μ–΄ν•™λ¶€', name: 'κ³ λ ¤λ€' },
  RowDataPacket { major: 'λ³΄κ±΄μ •μ±…κ΄€λ¦¬ν•™λ¶€', name: 'κ³ λ ¤λ€' },
  RowDataPacket { major: 'λ¶μ–΄λ¶λ¬Έν•™κ³Ό', name: 'κ³ λ ¤λ€' },
  RowDataPacket { major: 'μ‚¬ν•™κ³Ό', name: 'κ³ λ ¤λ€' },
  RowDataPacket { major: 'μ‚¬νν•™κ³Ό', name: 'κ³ λ ¤λ€' },
  RowDataPacket { major: 'μ„μ–΄μ„λ¬Έν•™κ³Ό', name: 'κ³ λ ¤λ€' },
  RowDataPacket { major: 'μ‹ν’μμ›κ²½μ ν•™κ³Ό', name: 'κ³ λ ¤λ€' },
  RowDataPacket { major: 'μ‹¬λ¦¬ν•™κ³Ό', name: 'κ³ λ ¤λ€' },
  RowDataPacket { major: 'μ–Έμ–΄ν•™κ³Ό', name: 'κ³ λ ¤λ€' },
  RowDataPacket { major: 'μ—­μ‚¬κµμ΅κ³Ό', name: 'κ³ λ ¤λ€' },
  RowDataPacket { major: 'μμ–΄κµμ΅κ³Ό', name: 'κ³ λ ¤λ€' },
  RowDataPacket { major: 'μμ–΄μλ¬Έν•™κ³Ό', name: 'κ³ λ ¤λ€' },
  RowDataPacket { major: 'μΌμ–΄μΌλ¬Έν•™κ³Ό', name: 'κ³ λ ¤λ€' },
  RowDataPacket { major: 'μμ μ „κ³µν•™λ¶€', name: 'κ³ λ ¤λ€' },
  RowDataPacket { major: 'μ •μΉμ™Έκµν•™κ³Ό', name: 'κ³ λ ¤λ€' },
  RowDataPacket { major: 'μ§€λ¦¬κµμ΅κ³Ό', name: 'κ³ λ ¤λ€' },
  RowDataPacket { major: 'μ² ν•™κ³Ό', name: 'κ³ λ ¤λ€' },
  RowDataPacket { major: 'μ»΄ν“¨ν„°ν•™κ³Ό', name: 'κ³ λ ¤λ€' },
  RowDataPacket { major: 'ν†µκ³„ν•™κ³Ό', name: 'κ³ λ ¤λ€' },
  RowDataPacket { major: 'ν•κµ­μ‚¬ν•™κ³Ό', name: 'κ³ λ ¤λ€' },
  RowDataPacket { major: 'ν•λ¬Έν•™κ³Ό', name: 'κ³ λ ¤λ€' },
  RowDataPacket { major: 'ν–‰μ •ν•™κ³Ό', name: 'κ³ λ ¤λ€' },
  RowDataPacket { major: 'μ¤‘μ–΄μ¤‘λ¬Έν•™κ³Ό', name: 'κ³ λ ¤λ€' } ]
[0mPOST /score/list [32m200 [0m1.349 ms - 1488[0m
{ major: 'λ³΄κ±΄μ •μ±…κ΄€λ¦¬ν•™λ¶€', name: 'κ³ λ ¤λ€', type: 0 }
[ RowDataPacket {
    strong_val: 684.2,
    safe_val: 679.1,
    dangerous_val: 673.5,
    sniping_val: 670.6 } ]
[0mPOST /score/predict [32m200 [0m1.096 ms - 106[0m
fuck
249
249
[0mPOST /score/graph [32m200 [0m5.950 ms - 28[0m
{ name: 'κ³ λ ¤λ€', type: '0', major: 'κ°„νΈλ€ν•™' }
[ RowDataPacket {
    strong_val: 690.5,
    safe_val: 685.5,
    dangerous_val: 682.8,
    sniping_val: 680.8 } ]
[0mPOST /score/predict [32m200 [0m12.314 ms - 106[0m
null
[ RowDataPacket { major: 'κ°„νΈλ€ν•™', name: 'κ³ λ ¤λ€' },
  RowDataPacket { major: 'κ²½μν•™κ³Ό', name: 'κ³ λ ¤λ€' },
  RowDataPacket { major: 'κ²½μ ν•™κ³Ό', name: 'κ³ λ ¤λ€' },
  RowDataPacket { major: 'κµμ΅ν•™κ³Ό', name: 'κ³ λ ¤λ€' },
  RowDataPacket { major: 'κµ­μ–΄κµμ΅κ³Ό', name: 'κ³ λ ¤λ€' },
  RowDataPacket { major: 'κµ­μ–΄κµ­λ¬Έν•™κ³Ό', name: 'κ³ λ ¤λ€' },
  RowDataPacket { major: 'λ…Έμ–΄λ…Έλ¬Έν•™κ³Ό', name: 'κ³ λ ¤λ€' },
  RowDataPacket { major: 'λ…μ–΄λ…λ¬Έν•™κ³Ό', name: 'κ³ λ ¤λ€' },
  RowDataPacket { major: 'λ―Έλ””μ–΄ν•™λ¶€', name: 'κ³ λ ¤λ€' },
  RowDataPacket { major: 'λ³΄κ±΄μ •μ±…κ΄€λ¦¬ν•™λ¶€', name: 'κ³ λ ¤λ€' },
  RowDataPacket { major: 'λ¶μ–΄λ¶λ¬Έν•™κ³Ό', name: 'κ³ λ ¤λ€' },
  RowDataPacket { major: 'μ‚¬ν•™κ³Ό', name: 'κ³ λ ¤λ€' },
  RowDataPacket { major: 'μ‚¬νν•™κ³Ό', name: 'κ³ λ ¤λ€' },
  RowDataPacket { major: 'μ„μ–΄μ„λ¬Έν•™κ³Ό', name: 'κ³ λ ¤λ€' },
  RowDataPacket { major: 'μ‹ν’μμ›κ²½μ ν•™κ³Ό', name: 'κ³ λ ¤λ€' },
  RowDataPacket { major: 'μ‹¬λ¦¬ν•™κ³Ό', name: 'κ³ λ ¤λ€' },
  RowDataPacket { major: 'μ–Έμ–΄ν•™κ³Ό', name: 'κ³ λ ¤λ€' },
  RowDataPacket { major: 'μ—­μ‚¬κµμ΅κ³Ό', name: 'κ³ λ ¤λ€' },
  RowDataPacket { major: 'μμ–΄κµμ΅κ³Ό', name: 'κ³ λ ¤λ€' },
  RowDataPacket { major: 'μμ–΄μλ¬Έν•™κ³Ό', name: 'κ³ λ ¤λ€' },
  RowDataPacket { major: 'μΌμ–΄μΌλ¬Έν•™κ³Ό', name: 'κ³ λ ¤λ€' },
  RowDataPacket { major: 'μμ μ „κ³µν•™λ¶€', name: 'κ³ λ ¤λ€' },
  RowDataPacket { major: 'μ •μΉμ™Έκµν•™κ³Ό', name: 'κ³ λ ¤λ€' },
  RowDataPacket { major: 'μ§€λ¦¬κµμ΅κ³Ό', name: 'κ³ λ ¤λ€' },
  RowDataPacket { major: 'μ² ν•™κ³Ό', name: 'κ³ λ ¤λ€' },
  RowDataPacket { major: 'μ»΄ν“¨ν„°ν•™κ³Ό', name: 'κ³ λ ¤λ€' },
  RowDataPacket { major: 'ν†µκ³„ν•™κ³Ό', name: 'κ³ λ ¤λ€' },
  RowDataPacket { major: 'ν•κµ­μ‚¬ν•™κ³Ό', name: 'κ³ λ ¤λ€' },
  RowDataPacket { major: 'ν•λ¬Έν•™κ³Ό', name: 'κ³ λ ¤λ€' },
  RowDataPacket { major: 'ν–‰μ •ν•™κ³Ό', name: 'κ³ λ ¤λ€' },
  RowDataPacket { major: 'μ¤‘μ–΄μ¤‘λ¬Έν•™κ³Ό', name: 'κ³ λ ¤λ€' } ]
[0mPOST /score/list [32m200 [0m1.996 ms - 1488[0m
null
[ RowDataPacket { major: 'κ°„νΈλ€ν•™', name: 'κ³ λ ¤λ€' },
  RowDataPacket { major: 'κ²½μν•™κ³Ό', name: 'κ³ λ ¤λ€' },
  RowDataPacket { major: 'κ²½μ ν•™κ³Ό', name: 'κ³ λ ¤λ€' },
  RowDataPacket { major: 'κµμ΅ν•™κ³Ό', name: 'κ³ λ ¤λ€' },
  RowDataPacket { major: 'κµ­μ–΄κµμ΅κ³Ό', name: 'κ³ λ ¤λ€' },
  RowDataPacket { major: 'κµ­μ–΄κµ­λ¬Έν•™κ³Ό', name: 'κ³ λ ¤λ€' },
  RowDataPacket { major: 'λ…Έμ–΄λ…Έλ¬Έν•™κ³Ό', name: 'κ³ λ ¤λ€' },
  RowDataPacket { major: 'λ…μ–΄λ…λ¬Έν•™κ³Ό', name: 'κ³ λ ¤λ€' },
  RowDataPacket { major: 'λ―Έλ””μ–΄ν•™λ¶€', name: 'κ³ λ ¤λ€' },
  RowDataPacket { major: 'λ³΄κ±΄μ •μ±…κ΄€λ¦¬ν•™λ¶€', name: 'κ³ λ ¤λ€' },
  RowDataPacket { major: 'λ¶μ–΄λ¶λ¬Έν•™κ³Ό', name: 'κ³ λ ¤λ€' },
  RowDataPacket { major: 'μ‚¬ν•™κ³Ό', name: 'κ³ λ ¤λ€' },
  RowDataPacket { major: 'μ‚¬νν•™κ³Ό', name: 'κ³ λ ¤λ€' },
  RowDataPacket { major: 'μ„μ–΄μ„λ¬Έν•™κ³Ό', name: 'κ³ λ ¤λ€' },
  RowDataPacket { major: 'μ‹ν’μμ›κ²½μ ν•™κ³Ό', name: 'κ³ λ ¤λ€' },
  RowDataPacket { major: 'μ‹¬λ¦¬ν•™κ³Ό', name: 'κ³ λ ¤λ€' },
  RowDataPacket { major: 'μ–Έμ–΄ν•™κ³Ό', name: 'κ³ λ ¤λ€' },
  RowDataPacket { major: 'μ—­μ‚¬κµμ΅κ³Ό', name: 'κ³ λ ¤λ€' },
  RowDataPacket { major: 'μμ–΄κµμ΅κ³Ό', name: 'κ³ λ ¤λ€' },
  RowDataPacket { major: 'μμ–΄μλ¬Έν•™κ³Ό', name: 'κ³ λ ¤λ€' },
  RowDataPacket { major: 'μΌμ–΄μΌλ¬Έν•™κ³Ό', name: 'κ³ λ ¤λ€' },
  RowDataPacket { major: 'μμ μ „κ³µν•™λ¶€', name: 'κ³ λ ¤λ€' },
  RowDataPacket { major: 'μ •μΉμ™Έκµν•™κ³Ό', name: 'κ³ λ ¤λ€' },
  RowDataPacket { major: 'μ§€λ¦¬κµμ΅κ³Ό', name: 'κ³ λ ¤λ€' },
  RowDataPacket { major: 'μ² ν•™κ³Ό', name: 'κ³ λ ¤λ€' },
  RowDataPacket { major: 'μ»΄ν“¨ν„°ν•™κ³Ό', name: 'κ³ λ ¤λ€' },
  RowDataPacket { major: 'ν†µκ³„ν•™κ³Ό', name: 'κ³ λ ¤λ€' },
  RowDataPacket { major: 'ν•κµ­μ‚¬ν•™κ³Ό', name: 'κ³ λ ¤λ€' },
  RowDataPacket { major: 'ν•λ¬Έν•™κ³Ό', name: 'κ³ λ ¤λ€' },
  RowDataPacket { major: 'ν–‰μ •ν•™κ³Ό', name: 'κ³ λ ¤λ€' },
  RowDataPacket { major: 'μ¤‘μ–΄μ¤‘λ¬Έν•™κ³Ό', name: 'κ³ λ ¤λ€' } ]
[0mPOST /score/list [32m200 [0m17.234 ms - 1488[0m
events.js:174
      throw er; // Unhandled 'error' event
      ^

Error: listen EADDRINUSE: address already in use :::3000
    at Server.setupListenHandle [as _listen2] (net.js:1280:14)
    at listenInCluster (net.js:1328:12)
    at Server.listen (net.js:1415:7)
    at Function.listen (/home/ec2-user/src/node_modules/express/lib/application.js:618:24)
    at Object.<anonymous> (/home/ec2-user/src/app.js:61:5)
    at Module._compile (internal/modules/cjs/loader.js:778:30)
    at Object.Module._extensions..js (internal/modules/cjs/loader.js:789:10)
    at Module.load (internal/modules/cjs/loader.js:653:32)
    at tryModuleLoad (internal/modules/cjs/loader.js:593:12)
    at Function.Module._load (internal/modules/cjs/loader.js:585:3)
Emitted 'error' event at:
    at emitErrorNT (net.js:1307:8)
    at process._tickCallback (internal/process/next_tick.js:63:19)
    at Function.Module.runMain (internal/modules/cjs/loader.js:834:11)
    at startup (internal/bootstrap/node.js:283:19)
    at bootstrapNodeJSCore (internal/bootstrap/node.js:623:3)
{ name: 'κ³ λ ¤λ€', type: '0', major: 'κ°„νΈλ€ν•™' }
[ RowDataPacket {
    strong_val: 690.5,
    safe_val: 685.5,
    dangerous_val: 682.8,
    sniping_val: 680.8 } ]
[0mPOST /score/predict [32m200 [0m2.185 ms - 106[0m
{ name: 'κ³ λ ¤λ€', type: '0', major: 'κ°„νΈλ€ν•™' }
[ RowDataPacket {
    strong_val: 690.5,
    safe_val: 685.5,
    dangerous_val: 682.8,
    sniping_val: 680.8 } ]
[0mPOST /score/predict [32m200 [0m1.157 ms - 106[0m
{ name: 'κ³ λ ¤λ€', type: '0', major: 'κ°„νΈλ€ν•™' }
[ RowDataPacket {
    strong_val: 690.5,
    safe_val: 685.5,
    dangerous_val: 682.8,
    sniping_val: 680.8 } ]
[0mPOST /score/predict [32m200 [0m1.011 ms - 106[0m
{ name: 'κ³ λ ¤λ€', type: '0', major: 'κ°„νΈλ€ν•™' }
[ RowDataPacket {
    strong_val: 690.5,
    safe_val: 685.5,
    dangerous_val: 682.8,
    sniping_val: 680.8 } ]
[0mPOST /score/predict [32m200 [0m18.129 ms - 106[0m
{ name: 'κ³ λ ¤λ€', type: '0', major: 'κ°„νΈλ€ν•™' }
[ RowDataPacket {
    strong_val: 690.5,
    safe_val: 685.5,
    dangerous_val: 682.8,
    sniping_val: 680.8 } ]
[0mPOST /score/predict [32m200 [0m1.370 ms - 106[0m
{ name: 'κ³ λ ¤λ€', type: '0', major: 'κ°„νΈλ€ν•™' }
[ RowDataPacket {
    strong_val: 690.5,
    safe_val: 685.5,
    dangerous_val: 682.8,
    sniping_val: 680.8 } ]
[0mPOST /score/predict [32m200 [0m1.137 ms - 106[0m
{ name: 'κ³ λ ¤λ€', type: '0', major: 'κ°„νΈλ€ν•™' }
[ RowDataPacket {
    strong_val: 690.5,
    safe_val: 685.5,
    dangerous_val: 682.8,
    sniping_val: 680.8 } ]
[0mPOST /score/predict [32m200 [0m1.018 ms - 106[0m
{ name: 'κ³ λ ¤λ€', type: '0', major: 'κ°„νΈλ€ν•™' }
[ RowDataPacket {
    strong_val: 690.5,
    safe_val: 685.5,
    dangerous_val: 682.8,
    sniping_val: 680.8 } ]
[0mPOST /score/predict [32m200 [0m1.057 ms - 106[0m
{ name: 'κ³ λ ¤λ€', type: '0', major: 'κ°„νΈλ€ν•™' }
[ RowDataPacket {
    strong_val: 690.5,
    safe_val: 685.5,
    dangerous_val: 682.8,
    sniping_val: 680.8 } ]
[0mPOST /score/predict [32m200 [0m1.133 ms - 106[0m
{ name: 'κ³ λ ¤λ€', type: '0', major: 'κ°„νΈλ€ν•™' }
[ RowDataPacket {
    strong_val: 690.5,
    safe_val: 685.5,
    dangerous_val: 682.8,
    sniping_val: 680.8 } ]
[0mPOST /score/predict [32m200 [0m1.053 ms - 106[0m
{ name: 'κ³ λ ¤λ€', type: '0', major: 'κ°„νΈλ€ν•™' }
[ RowDataPacket {
    strong_val: 690.5,
    safe_val: 685.5,
    dangerous_val: 682.8,
    sniping_val: 680.8 } ]
[0mPOST /score/predict [32m200 [0m1.098 ms - 106[0m
{ name: 'κ³ λ ¤λ€', type: '0', major: 'κ°„νΈλ€ν•™' }
[ RowDataPacket {
    strong_val: 690.5,
    safe_val: 685.5,
    dangerous_val: 682.8,
    sniping_val: 680.8 } ]
[0mPOST /score/predict [32m200 [0m1.035 ms - 106[0m
{ name: 'κ³ λ ¤λ€', type: '0', major: 'κ°„νΈλ€ν•™' }
[ RowDataPacket {
    strong_val: 690.5,
    safe_val: 685.5,
    dangerous_val: 682.8,
    sniping_val: 680.8 } ]
[0mPOST /score/predict [32m200 [0m18.056 ms - 106[0m
{ name: 'κ³ λ ¤λ€', type: '0', major: 'κ°„νΈλ€ν•™' }
[ RowDataPacket {
    strong_val: 690.5,
    safe_val: 685.5,
    dangerous_val: 682.8,
    sniping_val: 680.8 } ]
[0mPOST /score/predict [32m200 [0m1.384 ms - 106[0m
{ name: 'κ³ λ ¤λ€', type: '0', major: 'κ°„νΈλ€ν•™' }
[ RowDataPacket {
    strong_val: 690.5,
    safe_val: 685.5,
    dangerous_val: 682.8,
    sniping_val: 680.8 } ]
[0mPOST /score/predict [32m200 [0m1.119 ms - 106[0m
{ name: 'κ³ λ ¤λ€', type: '0', major: 'κ°„νΈλ€ν•™' }
[ RowDataPacket {
    strong_val: 690.5,
    safe_val: 685.5,
    dangerous_val: 682.8,
    sniping_val: 680.8 } ]
[0mPOST /score/predict [32m200 [0m1.114 ms - 106[0m
{ name: 'κ³ λ ¤λ€', type: '0', major: 'κ°„νΈλ€ν•™' }
[ RowDataPacket {
    strong_val: 690.5,
    safe_val: 685.5,
    dangerous_val: 682.8,
    sniping_val: 680.8 } ]
[0mPOST /score/predict [32m200 [0m1.079 ms - 106[0m
fuck
249
249
[0mPOST /score/graph [32m200 [0m0.672 ms - 28[0m
null
[ RowDataPacket { major: 'κ°„νΈλ€ν•™', name: 'κ³ λ ¤λ€' },
  RowDataPacket { major: 'κ²½μν•™κ³Ό', name: 'κ³ λ ¤λ€' },
  RowDataPacket { major: 'κ²½μ ν•™κ³Ό', name: 'κ³ λ ¤λ€' },
  RowDataPacket { major: 'κµμ΅ν•™κ³Ό', name: 'κ³ λ ¤λ€' },
  RowDataPacket { major: 'κµ­μ–΄κµμ΅κ³Ό', name: 'κ³ λ ¤λ€' },
  RowDataPacket { major: 'κµ­μ–΄κµ­λ¬Έν•™κ³Ό', name: 'κ³ λ ¤λ€' },
  RowDataPacket { major: 'λ…Έμ–΄λ…Έλ¬Έν•™κ³Ό', name: 'κ³ λ ¤λ€' },
  RowDataPacket { major: 'λ…μ–΄λ…λ¬Έν•™κ³Ό', name: 'κ³ λ ¤λ€' },
  RowDataPacket { major: 'λ―Έλ””μ–΄ν•™λ¶€', name: 'κ³ λ ¤λ€' },
  RowDataPacket { major: 'λ³΄κ±΄μ •μ±…κ΄€λ¦¬ν•™λ¶€', name: 'κ³ λ ¤λ€' },
  RowDataPacket { major: 'λ¶μ–΄λ¶λ¬Έν•™κ³Ό', name: 'κ³ λ ¤λ€' },
  RowDataPacket { major: 'μ‚¬ν•™κ³Ό', name: 'κ³ λ ¤λ€' },
  RowDataPacket { major: 'μ‚¬νν•™κ³Ό', name: 'κ³ λ ¤λ€' },
  RowDataPacket { major: 'μ„μ–΄μ„λ¬Έν•™κ³Ό', name: 'κ³ λ ¤λ€' },
  RowDataPacket { major: 'μ‹ν’μμ›κ²½μ ν•™κ³Ό', name: 'κ³ λ ¤λ€' },
  RowDataPacket { major: 'μ‹¬λ¦¬ν•™κ³Ό', name: 'κ³ λ ¤λ€' },
  RowDataPacket { major: 'μ–Έμ–΄ν•™κ³Ό', name: 'κ³ λ ¤λ€' },
  RowDataPacket { major: 'μ—­μ‚¬κµμ΅κ³Ό', name: 'κ³ λ ¤λ€' },
  RowDataPacket { major: 'μμ–΄κµμ΅κ³Ό', name: 'κ³ λ ¤λ€' },
  RowDataPacket { major: 'μμ–΄μλ¬Έν•™κ³Ό', name: 'κ³ λ ¤λ€' },
  RowDataPacket { major: 'μΌμ–΄μΌλ¬Έν•™κ³Ό', name: 'κ³ λ ¤λ€' },
  RowDataPacket { major: 'μμ μ „κ³µν•™λ¶€', name: 'κ³ λ ¤λ€' },
  RowDataPacket { major: 'μ •μΉμ™Έκµν•™κ³Ό', name: 'κ³ λ ¤λ€' },
  RowDataPacket { major: 'μ§€λ¦¬κµμ΅κ³Ό', name: 'κ³ λ ¤λ€' },
  RowDataPacket { major: 'μ² ν•™κ³Ό', name: 'κ³ λ ¤λ€' },
  RowDataPacket { major: 'μ»΄ν“¨ν„°ν•™κ³Ό', name: 'κ³ λ ¤λ€' },
  RowDataPacket { major: 'ν†µκ³„ν•™κ³Ό', name: 'κ³ λ ¤λ€' },
  RowDataPacket { major: 'ν•κµ­μ‚¬ν•™κ³Ό', name: 'κ³ λ ¤λ€' },
  RowDataPacket { major: 'ν•λ¬Έν•™κ³Ό', name: 'κ³ λ ¤λ€' },
  RowDataPacket { major: 'ν–‰μ •ν•™κ³Ό', name: 'κ³ λ ¤λ€' },
  RowDataPacket { major: 'μ¤‘μ–΄μ¤‘λ¬Έν•™κ³Ό', name: 'κ³ λ ¤λ€' } ]
[0mPOST /score/list [32m200 [0m1.709 ms - 1488[0m
{ name: 'κ³ λ ¤λ€', type: '0', major: 'κ°„νΈλ€ν•™' }
[ RowDataPacket {
    strong_val: 690.5,
    safe_val: 685.5,
    dangerous_val: 682.8,
    sniping_val: 680.8 } ]
[0mPOST /score/predict [32m200 [0m17.520 ms - 106[0m
